#
# There is insufficient memory for the Java Runtime Environment to continue.
# Native memory allocation (malloc) failed to allocate 1048576 bytes for AllocateHeap
# Possible reasons:
#   The system is out of physical RAM or swap space
#   In 32 bit mode, the process size limit was hit
# Possible solutions:
#   Reduce memory load on the system
#   Increase physical memory or swap space
#   Check if swap backing store is full
#   Use 64 bit Java on a 64 bit OS
#   Decrease Java heap size (-Xmx/-Xms)
#   Decrease number of Java threads
#   Decrease Java thread stack sizes (-Xss)
#   Set larger code cache with -XX:ReservedCodeCacheSize=
# This output file may be truncated or incomplete.
#
#  Out of Memory Error (memory/allocation.inline.hpp:61), pid=79600, tid=0x0000000000014a74
#
# JRE version:  (8.0_181-b13) (build )
# Java VM: Java HotSpot(TM) 64-Bit Server VM (25.181-b13 mixed mode windows-amd64 compressed oops)
# Failed to write core dump. Minidumps are not enabled by default on client versions of Windows
#

---------------  T H R E A D  ---------------

Current thread (0x0000000002a43000):  JavaThread "Unknown thread" [_thread_in_vm, id=84596, stack(0x0000000002940000,0x0000000002a40000)]

Stack: [0x0000000002940000,0x0000000002a40000]
[error occurred during error reporting (printing stack bounds), id 0xc0000005]

Native frames: (J=compiled Java code, j=interpreted, Vv=VM code, C=native code)


---------------  P R O C E S S  ---------------

Java Threads: ( => current thread )

Other Threads:

=>0x0000000002a43000 (exited) JavaThread "Unknown thread" [_thread_in_vm, id=84596, stack(0x0000000002940000,0x0000000002a40000)]

VM state:not at safepoint (normal execution)

VM Mutex/Monitor currently owned by a thread: None

Heap:
 PSYoungGen      total 75776K, used 1300K [0x000000076b580000, 0x0000000770a00000, 0x00000007c0000000)
  eden space 65024K, 2% used [0x000000076b580000,0x000000076b6c51f8,0x000000076f500000)
  from space 10752K, 0% used [0x000000076ff80000,0x000000076ff80000,0x0000000770a00000)
  to   space 10752K, 0% used [0x000000076f500000,0x000000076f500000,0x000000076ff80000)
 ParOldGen       total 173568K, used 0K [0x00000006c2000000, 0x00000006cc980000, 0x000000076b580000)
  object space 173568K, 0% used [0x00000006c2000000,0x00000006c2000000,0x00000006cc980000)
 Metaspace       used 775K, capacity 4480K, committed 4480K, reserved 1056768K
  class space    used 76K, capacity 384K, committed 384K, reserved 1048576K

Card table byte_map: [0x0000000012070000,0x0000000012870000] byte_map_base: 0x000000000ea60000

Marking Bits: (ParMarkBitMap*) 0x00000000715a2d00
 Begin Bits: [0x0000000013ac0000, 0x0000000017a40000)
 End Bits:   [0x0000000017a40000, 0x000000001b9c0000)

Polling page: 0x0000000000bc0000

CodeCache: size=245760Kb used=327Kb max_used=327Kb free=245432Kb
 bounds [0x0000000002cb0000, 0x0000000002f20000, 0x0000000011cb0000]
 total_blobs=57 nmethods=0 adapters=38
 compilation: enabled

Compilation events (0 events):
No events

GC Heap History (0 events):
No events

Deoptimization events (0 events):
No events

Classes redefined (0 events):
No events

Internal exceptions (0 events):
No events

Events (10 events):
Event: 0.021 loading class java/lang/Short
Event: 0.021 loading class java/lang/Short done
Event: 0.021 loading class java/lang/Integer
Event: 0.022 loading class java/lang/Integer done
Event: 0.022 loading class java/lang/Long
Event: 0.022 loading class java/lang/Long done
Event: 0.022 loading class java/lang/NullPointerException
Event: 0.022 loading class java/lang/NullPointerException done
Event: 0.022 loading class java/lang/ArithmeticException
Event: 0.022 loading class java/lang/ArithmeticException done


Dynamic libraries:
0x00007ff68d490000 - 0x00007ff68d4c7000 	C:\Program Files\Java\jdk1.8.0_181\bin\java.exe
0x00007ffdc4bd0000 - 0x00007ffdc4dc8000 	C:\Windows\SYSTEM32\ntdll.dll
0x00007ffdc3340000 - 0x00007ffdc33ff000 	C:\Windows\System32\KERNEL32.DLL
0x00007ffdc2750000 - 0x00007ffdc2a46000 	C:\Windows\System32\KERNELBASE.dll
0x00007ffdbf650000 - 0x00007ffdbf6e1000 	C:\Windows\SYSTEM32\apphelp.dll
0x00007ffdc3700000 - 0x00007ffdc37af000 	C:\Windows\System32\ADVAPI32.dll
0x00007ffdc3810000 - 0x00007ffdc38ae000 	C:\Windows\System32\msvcrt.dll
0x00007ffdc4790000 - 0x00007ffdc482c000 	C:\Windows\System32\sechost.dll
0x00007ffdc3d60000 - 0x00007ffdc3e86000 	C:\Windows\System32\RPCRT4.dll
0x00007ffdc3430000 - 0x00007ffdc35cd000 	C:\Windows\System32\USER32.dll
0x00007ffdc2720000 - 0x00007ffdc2742000 	C:\Windows\System32\win32u.dll
0x00007ffdc3cd0000 - 0x00007ffdc3cfc000 	C:\Windows\System32\GDI32.dll
0x00007ffdc24a0000 - 0x00007ffdc25b5000 	C:\Windows\System32\gdi32full.dll
0x00007ffdc2400000 - 0x00007ffdc249d000 	C:\Windows\System32\msvcp_win.dll
0x00007ffdc2300000 - 0x00007ffdc2400000 	C:\Windows\System32\ucrtbase.dll
0x00007ffdc16b0000 - 0x00007ffdc194a000 	C:\Windows\WinSxS\amd64_microsoft.windows.common-controls_6595b64144ccf1df_6.0.19041.1110_none_60b5254171f9507e\COMCTL32.dll
0x00007ffdc3400000 - 0x00007ffdc3430000 	C:\Windows\System32\IMM32.DLL
0x0000000071630000 - 0x0000000071702000 	C:\Program Files\Java\jdk1.8.0_181\jre\bin\msvcr100.dll
0x0000000070d80000 - 0x0000000071622000 	C:\Program Files\Java\jdk1.8.0_181\jre\bin\server\jvm.dll
0x00007ffdc46a0000 - 0x00007ffdc46a8000 	C:\Windows\System32\PSAPI.DLL
0x00007ffdb8900000 - 0x00007ffdb890a000 	C:\Windows\SYSTEM32\VERSION.dll
0x00007ffdb6660000 - 0x00007ffdb6687000 	C:\Windows\SYSTEM32\WINMM.dll
0x00007ffdaa770000 - 0x00007ffdaa779000 	C:\Windows\SYSTEM32\WSOCK32.dll
0x00007ffdc3ab0000 - 0x00007ffdc3b1b000 	C:\Windows\System32\WS2_32.dll
0x0000000070d70000 - 0x0000000070d7f000 	C:\Program Files\Java\jdk1.8.0_181\jre\bin\verify.dll
0x0000000070d40000 - 0x0000000070d69000 	C:\Program Files\Java\jdk1.8.0_181\jre\bin\java.dll
0x0000000070cb0000 - 0x0000000070cd3000 	C:\Program Files\Java\jdk1.8.0_181\jre\bin\instrument.dll
0x0000000070d20000 - 0x0000000070d36000 	C:\Program Files\Java\jdk1.8.0_181\jre\bin\zip.dll

VM Arguments:
jvm_args: -ea -Didea.test.cyclic.buffer.size=1048576 -javaagent:D:\IntelliJ IDEA 2022.2.1\IntelliJ IDEA 2021.2\lib\idea_rt.jar=59242:D:\IntelliJ IDEA 2022.2.1\IntelliJ IDEA 2021.2\bin -Dfile.encoding=UTF-8 
java_command: com.intellij.rt.junit.JUnitStarter -ideVersion5 -junit5 com.qi.miaosha2.Miaosha2ApplicationTests,eqwe
java_class_path (initial): D:\IntelliJ IDEA 2022.2.1\IntelliJ IDEA 2021.2\lib\idea_rt.jar;C:\Users\sb\.m2\repository\org\junit\platform\junit-platform-launcher\1.8.2\junit-platform-launcher-1.8.2.jar;C:\Users\sb\.m2\repository\org\junit\vintage\junit-vintage-engine\5.8.2\junit-vintage-engine-5.8.2.jar;D:\IntelliJ IDEA 2022.2.1\IntelliJ IDEA 2021.2\plugins\junit\lib\junit5-rt.jar;D:\IntelliJ IDEA 2022.2.1\IntelliJ IDEA 2021.2\plugins\junit\lib\junit-rt.jar;C:\Program Files\Java\jdk1.8.0_181\jre\lib\charsets.jar;C:\Program Files\Java\jdk1.8.0_181\jre\lib\deploy.jar;C:\Program Files\Java\jdk1.8.0_181\jre\lib\ext\access-bridge-64.jar;C:\Program Files\Java\jdk1.8.0_181\jre\lib\ext\cldrdata.jar;C:\Program Files\Java\jdk1.8.0_181\jre\lib\ext\dnsns.jar;C:\Program Files\Java\jdk1.8.0_181\jre\lib\ext\jaccess.jar;C:\Program Files\Java\jdk1.8.0_181\jre\lib\ext\jfxrt.jar;C:\Program Files\Java\jdk1.8.0_181\jre\lib\ext\localedata.jar;C:\Program Files\Java\jdk1.8.0_181\jre\lib\ext\nashorn.jar;C:\Program Files\Java\jdk1.8.0_181\jre\lib\ext\sunec.jar;C:\Program Files\Java\jdk1.8.0_181\jre\lib\ext\sunjce_provider.jar;C:\Program Files\Java\jdk1.8.0_181\jre\lib\ext\sunmscapi.jar;C:\Program Files\Java\jdk1.8.0_181\jre\lib\ext\sunpkcs11.jar;C:\Program Files\Java\jdk1.8.0_181\jre\lib\ext\zipfs.jar;C:\Program Files\Java\jdk1.8.0_181\jre\lib\javaws.jar;C:\Program Files\Java\jdk1.8.0_181\jre\lib\jce.jar;C:\Program Files\Java\jdk1.8.0_181\jre\lib\jfr.jar;C:\Program Files\Java\jdk1.8.0_181\jre\lib\jfxswt.jar;C:\Program Files\Java\jdk1.8.0_181\jre\lib\jsse.jar;C:\Program Files\Java\jdk1.8.0_181\jre\lib\management-agent.jar;C:\Program Files\Java\jdk1.8.0_181\jre\lib\plugin.jar;C:\Program Files\Java\jdk1.8.0_181\jre\lib\resources.jar;C:\Program Files\Java\jdk1.8.0_181\jre\lib\rt.jar;D:\miaosha2\target\test-classes;D:\miaosha2\target\classes;C:\Users\sb\.m2\repository\org\springframework\boot\spring-boot-starter-thymeleaf\2.7.12\spring-boot-starter-thymeleaf-2.7.12.jar;C:\Users\sb\.m2\repository\
Launcher Type: SUN_STANDARD

Environment Variables:
JAVA_HOME=C:\Program Files\Java\jdk-17.0.5
PATH=D:\Vmware17\bin\;C:\Program Files\Common Files\Oracle\Java\javapath;C:\Users\sb\Downloads\apache-maven-3.8.3\bin;D:\app\product\11.2.0\dbhome_1\bin;C:\Windows\system32;C:\Windows;C:\Windows\System32\Wbem;C:\Windows\System32\WindowsPowerShell\v1.0\;C:\Windows\System32\OpenSSH\;D:\Program Files\JavaTool\MySQL\mysql-5.6.39-winx64\bin;D:\MySQL\MySQL\MySQL Server 8.0\bin;%NODE_HOME%;%NODE_HOME%\node_global;%NODE_HOME%\node_cache;D:\node\node_global;D:\apache-maven-3.8.3\bin;D:\jdk\jdk-8u181-windows-x64.exe;C:\Program Files\nodejs\;C:\Program Files\nodejs\node_global;"C;\Program Files\nodejs\node_global";C:\Program Files\Git\cmd;C:\Program Files\TortoiseGit\bin;D:\Xftp 7\;D:\;C:\Program Files\Java\jdk-17.0.5\bin;D:\MySQL\MySQL Shell 8.0\bin\;C:\Users\sb\AppData\Local\Microsoft\WindowsApps;C:\Users\sb\AppData\Roaming\npm;C:\Windows\System32;C:\Program Files\Erlang OTP\bin
USERNAME=sb
OS=Windows_NT
PROCESSOR_IDENTIFIER=AMD64 Family 23 Model 96 Stepping 1, AuthenticAMD



---------------  S Y S T E M  ---------------

OS: Windows 10.0 , 64 bit Build 19041 (10.0.19041.2913)

CPU:total 16 (initial active 16) (16 cores per cpu, 1 threads per core) family 23 model 96 stepping 1, cmov, cx8, fxsr, mmx, sse, sse2, sse3, ssse3, sse4.1, sse4.2, popcnt, avx, avx2, aes, clmul, mmxext, 3dnowpref, lzcnt, sse4a, tsc, tscinvbit, tscinv, bmi1

Memory: 4k page, physical 16643396k(2068720k free), swap 29355316k(5508k free)

vm_info: Java HotSpot(TM) 64-Bit Server VM (25.181-b13) for windows-amd64 JRE (1.8.0_181-b13), built on Jul  7 2018 04:01:33 by "java_re" with MS VC++ 10.0 (VS2010)

time: Sun Jun 11 23:33:35 2023
elapsed time: 0 seconds (0d 0h 0m 0s)

