#
# There is insufficient memory for the Java Runtime Environment to continue.
# Native memory allocation (malloc) failed to allocate 750816 bytes for Chunk::new
# Possible reasons:
#   The system is out of physical RAM or swap space
#   In 32 bit mode, the process size limit was hit
# Possible solutions:
#   Reduce memory load on the system
#   Increase physical memory or swap space
#   Check if swap backing store is full
#   Use 64 bit Java on a 64 bit OS
#   Decrease Java heap size (-Xmx/-Xms)
#   Decrease number of Java threads
#   Decrease Java thread stack sizes (-Xss)
#   Set larger code cache with -XX:ReservedCodeCacheSize=
# This output file may be truncated or incomplete.
#
#  Out of Memory Error (allocation.cpp:390), pid=83188, tid=0x00000000000136e4
#
# JRE version: Java(TM) SE Runtime Environment (8.0_181-b13) (build 1.8.0_181-b13)
# Java VM: Java HotSpot(TM) 64-Bit Server VM (25.181-b13 mixed mode windows-amd64 compressed oops)
# Failed to write core dump. Minidumps are not enabled by default on client versions of Windows
#

---------------  T H R E A D  ---------------

Current thread (0x000000001e551800):  JavaThread "C2 CompilerThread1" daemon [_thread_in_native, id=79588, stack(0x0000000020270000,0x0000000020370000)]

Stack: [0x0000000020270000,0x0000000020370000]
[error occurred during error reporting (printing stack bounds), id 0xc0000005]

Native frames: (J=compiled Java code, j=interpreted, Vv=VM code, C=native code)


Current CompileTask:
C2:   3702 3601   !   4       org.springframework.core.annotation.AnnotationsScanner::processClassHierarchy (227 bytes)


---------------  P R O C E S S  ---------------

Java Threads: ( => current thread )
  0x0000000025099800 JavaThread "mysql-cj-abandoned-connection-cleanup" daemon [_thread_blocked, id=67128, stack(0x0000000025990000,0x0000000025a90000)]
  0x0000000024b2a000 JavaThread "lettuce-timer-3-1" daemon [_thread_blocked, id=6860, stack(0x00000000240c0000,0x00000000241c0000)]
  0x000000001e625800 JavaThread "Service Thread" daemon [_thread_blocked, id=16836, stack(0x0000000020d70000,0x0000000020e70000)]
  0x000000001e5c5000 JavaThread "C1 CompilerThread11" daemon [_thread_blocked, id=21512, stack(0x0000000020c70000,0x0000000020d70000)]
  0x000000001e5c6800 JavaThread "C1 CompilerThread10" daemon [_thread_blocked, id=11836, stack(0x0000000020b70000,0x0000000020c70000)]
  0x000000001e5c0800 JavaThread "C1 CompilerThread9" daemon [_thread_blocked, id=51372, stack(0x0000000020a70000,0x0000000020b70000)]
  0x000000001e5c4800 JavaThread "C1 CompilerThread8" daemon [_thread_blocked, id=80240, stack(0x0000000020970000,0x0000000020a70000)]
  0x000000001e58e000 JavaThread "C2 CompilerThread7" daemon [_thread_blocked, id=84112, stack(0x0000000020870000,0x0000000020970000)]
  0x000000001e573800 JavaThread "C2 CompilerThread6" daemon [_thread_blocked, id=61356, stack(0x0000000020770000,0x0000000020870000)]
  0x000000001e56a800 JavaThread "C2 CompilerThread5" daemon [_thread_in_native, id=6920, stack(0x0000000020670000,0x0000000020770000)]
  0x000000001e55c000 JavaThread "C2 CompilerThread4" daemon [_thread_in_native, id=49492, stack(0x0000000020570000,0x0000000020670000)]
  0x000000001e556000 JavaThread "C2 CompilerThread3" daemon [_thread_blocked, id=80664, stack(0x0000000020470000,0x0000000020570000)]
  0x000000001e555800 JavaThread "C2 CompilerThread2" daemon [_thread_in_native, id=70864, stack(0x0000000020370000,0x0000000020470000)]
=>0x000000001e551800 JavaThread "C2 CompilerThread1" daemon [_thread_in_native, id=79588, stack(0x0000000020270000,0x0000000020370000)]
  0x000000001e54e800 JavaThread "C2 CompilerThread0" daemon [_thread_in_native, id=78148, stack(0x0000000020170000,0x0000000020270000)]
  0x000000001e537800 JavaThread "Monitor Ctrl-Break" daemon [_thread_in_native, id=74588, stack(0x0000000020070000,0x0000000020170000)]
  0x000000001e524000 JavaThread "Attach Listener" daemon [_thread_blocked, id=84396, stack(0x000000001ff70000,0x0000000020070000)]
  0x000000001e4cc800 JavaThread "Signal Dispatcher" daemon [_thread_blocked, id=59304, stack(0x000000001fe70000,0x000000001ff70000)]
  0x000000001e4a6800 JavaThread "Finalizer" daemon [_thread_blocked, id=83152, stack(0x000000001fd10000,0x000000001fe10000)]
  0x000000001ca33000 JavaThread "Reference Handler" daemon [_thread_blocked, id=47528, stack(0x000000001fc10000,0x000000001fd10000)]
  0x0000000002933000 JavaThread "main" [_thread_in_native, id=84616, stack(0x0000000002830000,0x0000000002930000)]

Other Threads:
  0x000000001e484000 VMThread [stack: 0x000000001fb10000,0x000000001fc10000] [id=77524]
  0x000000001e62a800 WatcherThread [stack: 0x0000000020e70000,0x0000000020f70000] [id=4152]

VM state:not at safepoint (normal execution)

VM Mutex/Monitor currently owned by a thread: None

Heap:
 PSYoungGen      total 203776K, used 73615K [0x000000076b580000, 0x0000000779880000, 0x00000007c0000000)
  eden space 192512K, 38% used [0x000000076b580000,0x000000076fd63e68,0x0000000777180000)
  from space 11264K, 0% used [0x0000000777c80000,0x0000000777c80000,0x0000000778780000)
  to   space 11264K, 0% used [0x0000000777180000,0x0000000777180000,0x0000000777c80000)
 ParOldGen       total 125440K, used 14089K [0x00000006c2000000, 0x00000006c9a80000, 0x000000076b580000)
  object space 125440K, 11% used [0x00000006c2000000,0x00000006c2dc2660,0x00000006c9a80000)
 Metaspace       used 37529K, capacity 40076K, committed 40320K, reserved 1083392K
  class space    used 5021K, capacity 5498K, committed 5504K, reserved 1048576K

Card table byte_map: [0x0000000011f00000,0x0000000012700000] byte_map_base: 0x000000000e8f0000

Marking Bits: (ParMarkBitMap*) 0x00000000715a2d00
 Begin Bits: [0x0000000013950000, 0x00000000178d0000)
 End Bits:   [0x00000000178d0000, 0x000000001b850000)

Polling page: 0x0000000000570000

CodeCache: size=245760Kb used=14498Kb max_used=14528Kb free=231261Kb
 bounds [0x0000000002b40000, 0x0000000003990000, 0x0000000011b40000]
 total_blobs=4053 nmethods=3600 adapters=363
 compilation: enabled

Compilation events (10 events):
Event: 3.660 Thread 0x000000001e5c4800 nmethod 3603 0x0000000003951f10 code [0x00000000039523c0, 0x00000000039554b8]
Event: 3.661 Thread 0x000000001e58e000 nmethod 3600 0x000000000394f610 code [0x000000000394f800, 0x000000000394ff40]
Event: 3.661 Thread 0x000000001e58e000 3602       4       org.springframework.core.annotation.AnnotationsScanner::isWithoutHierarchy (112 bytes)
Event: 3.678 Thread 0x000000001e58e000 nmethod 3602 0x0000000003968790 code [0x00000000039689c0, 0x0000000003969990]
Event: 3.678 Thread 0x000000001e58e000 3604       4       java.util.concurrent.ConcurrentHashMap::putIfAbsent (8 bytes)
Event: 3.678 Thread 0x000000001e58e000 nmethod 3604 0x000000000391d9d0 code [0x000000000391db20, 0x000000000391dba8]
Event: 3.680 Thread 0x000000001e556000 nmethod 3537 0x000000000396a690 code [0x000000000396abc0, 0x000000000396dd70]
Event: 3.681 Thread 0x000000001e58e000 3605       4       sun.misc.MetaIndex::mayContain (51 bytes)
Event: 3.681 Thread 0x000000001e573800 nmethod 3502 0x0000000003973a50 code [0x0000000003974000, 0x0000000003979320]
Event: 3.685 Thread 0x000000001e58e000 nmethod 3605 0x0000000003966750 code [0x00000000039668a0, 0x0000000003966b58]

GC Heap History (10 events):
Event: 1.529 GC heap before
{Heap before GC invocations=4 (full 1):
 PSYoungGen      total 75776K, used 6422K [0x000000076b580000, 0x0000000774980000, 0x00000007c0000000)
  eden space 65024K, 0% used [0x000000076b580000,0x000000076b580000,0x000000076f500000)
  from space 10752K, 59% used [0x000000076f500000,0x000000076fb45948,0x000000076ff80000)
  to   space 10752K, 0% used [0x0000000773f00000,0x0000000773f00000,0x0000000774980000)
 ParOldGen       total 173568K, used 40K [0x00000006c2000000, 0x00000006cc980000, 0x000000076b580000)
  object space 173568K, 0% used [0x00000006c2000000,0x00000006c200a000,0x00000006cc980000)
 Metaspace       used 19564K, capacity 21196K, committed 21296K, reserved 1067008K
  class space    used 2546K, capacity 2876K, committed 2944K, reserved 1048576K
Event: 1.548 GC heap after
Heap after GC invocations=4 (full 1):
 PSYoungGen      total 75776K, used 0K [0x000000076b580000, 0x0000000774980000, 0x00000007c0000000)
  eden space 65024K, 0% used [0x000000076b580000,0x000000076b580000,0x000000076f500000)
  from space 10752K, 0% used [0x000000076f500000,0x000000076f500000,0x000000076ff80000)
  to   space 10752K, 0% used [0x0000000773f00000,0x0000000773f00000,0x0000000774980000)
 ParOldGen       total 86528K, used 6121K [0x00000006c2000000, 0x00000006c7480000, 0x000000076b580000)
  object space 86528K, 7% used [0x00000006c2000000,0x00000006c25fa608,0x00000006c7480000)
 Metaspace       used 19564K, capacity 21196K, committed 21296K, reserved 1067008K
  class space    used 2546K, capacity 2876K, committed 2944K, reserved 1048576K
}
Event: 1.793 GC heap before
{Heap before GC invocations=5 (full 1):
 PSYoungGen      total 75776K, used 65024K [0x000000076b580000, 0x0000000774980000, 0x00000007c0000000)
  eden space 65024K, 100% used [0x000000076b580000,0x000000076f500000,0x000000076f500000)
  from space 10752K, 0% used [0x000000076f500000,0x000000076f500000,0x000000076ff80000)
  to   space 10752K, 0% used [0x0000000773f00000,0x0000000773f00000,0x0000000774980000)
 ParOldGen       total 86528K, used 6121K [0x00000006c2000000, 0x00000006c7480000, 0x000000076b580000)
  object space 86528K, 7% used [0x00000006c2000000,0x00000006c25fa608,0x00000006c7480000)
 Metaspace       used 24272K, capacity 26016K, committed 26112K, reserved 1071104K
  class space    used 3152K, capacity 3492K, committed 3584K, reserved 1048576K
Event: 1.797 GC heap after
Heap after GC invocations=5 (full 1):
 PSYoungGen      total 120320K, used 6730K [0x000000076b580000, 0x0000000774600000, 0x00000007c0000000)
  eden space 113152K, 0% used [0x000000076b580000,0x000000076b580000,0x0000000772400000)
  from space 7168K, 93% used [0x0000000773f00000,0x0000000774592a80,0x0000000774600000)
  to   space 10752K, 0% used [0x0000000773100000,0x0000000773100000,0x0000000773b80000)
 ParOldGen       total 86528K, used 6121K [0x00000006c2000000, 0x00000006c7480000, 0x000000076b580000)
  object space 86528K, 7% used [0x00000006c2000000,0x00000006c25fa608,0x00000006c7480000)
 Metaspace       used 24272K, capacity 26016K, committed 26112K, reserved 1071104K
  class space    used 3152K, capacity 3492K, committed 3584K, reserved 1048576K
}
Event: 2.609 GC heap before
{Heap before GC invocations=6 (full 1):
 PSYoungGen      total 120320K, used 119882K [0x000000076b580000, 0x0000000774600000, 0x00000007c0000000)
  eden space 113152K, 100% used [0x000000076b580000,0x0000000772400000,0x0000000772400000)
  from space 7168K, 93% used [0x0000000773f00000,0x0000000774592a80,0x0000000774600000)
  to   space 10752K, 0% used [0x0000000773100000,0x0000000773100000,0x0000000773b80000)
 ParOldGen       total 86528K, used 6121K [0x00000006c2000000, 0x00000006c7480000, 0x000000076b580000)
  object space 86528K, 7% used [0x00000006c2000000,0x00000006c25fa608,0x00000006c7480000)
 Metaspace       used 29164K, capacity 31228K, committed 31360K, reserved 1077248K
  class space    used 3770K, capacity 4140K, committed 4224K, reserved 1048576K
Event: 2.616 GC heap after
Heap after GC invocations=6 (full 1):
 PSYoungGen      total 137216K, used 9565K [0x000000076b580000, 0x0000000778780000, 0x00000007c0000000)
  eden space 126464K, 0% used [0x000000076b580000,0x000000076b580000,0x0000000773100000)
  from space 10752K, 88% used [0x0000000773100000,0x0000000773a57728,0x0000000773b80000)
  to   space 11264K, 0% used [0x0000000777c80000,0x0000000777c80000,0x0000000778780000)
 ParOldGen       total 86528K, used 6129K [0x00000006c2000000, 0x00000006c7480000, 0x000000076b580000)
  object space 86528K, 7% used [0x00000006c2000000,0x00000006c25fc608,0x00000006c7480000)
 Metaspace       used 29164K, capacity 31228K, committed 31360K, reserved 1077248K
  class space    used 3770K, capacity 4140K, committed 4224K, reserved 1048576K
}
Event: 3.199 GC heap before
{Heap before GC invocations=7 (full 1):
 PSYoungGen      total 137216K, used 89827K [0x000000076b580000, 0x0000000778780000, 0x00000007c0000000)
  eden space 126464K, 63% used [0x000000076b580000,0x00000007703e15b0,0x0000000773100000)
  from space 10752K, 88% used [0x0000000773100000,0x0000000773a57728,0x0000000773b80000)
  to   space 11264K, 0% used [0x0000000777c80000,0x0000000777c80000,0x0000000778780000)
 ParOldGen       total 86528K, used 6129K [0x00000006c2000000, 0x00000006c7480000, 0x000000076b580000)
  object space 86528K, 7% used [0x00000006c2000000,0x00000006c25fc608,0x00000006c7480000)
 Metaspace       used 33218K, capacity 35450K, committed 35496K, reserved 1079296K
  class space    used 4443K, capacity 4847K, committed 4864K, reserved 1048576K
Event: 3.205 GC heap after
Heap after GC invocations=7 (full 1):
 PSYoungGen      total 203776K, used 9392K [0x000000076b580000, 0x0000000779880000, 0x00000007c0000000)
  eden space 192512K, 0% used [0x000000076b580000,0x000000076b580000,0x0000000777180000)
  from space 11264K, 83% used [0x0000000777c80000,0x00000007785ac320,0x0000000778780000)
  to   space 11264K, 0% used [0x0000000777180000,0x0000000777180000,0x0000000777c80000)
 ParOldGen       total 86528K, used 6137K [0x00000006c2000000, 0x00000006c7480000, 0x000000076b580000)
  object space 86528K, 7% used [0x00000006c2000000,0x00000006c25fe608,0x00000006c7480000)
 Metaspace       used 33218K, capacity 35450K, committed 35496K, reserved 1079296K
  class space    used 4443K, capacity 4847K, committed 4864K, reserved 1048576K
}
Event: 3.205 GC heap before
{Heap before GC invocations=8 (full 2):
 PSYoungGen      total 203776K, used 9392K [0x000000076b580000, 0x0000000779880000, 0x00000007c0000000)
  eden space 192512K, 0% used [0x000000076b580000,0x000000076b580000,0x0000000777180000)
  from space 11264K, 83% used [0x0000000777c80000,0x00000007785ac320,0x0000000778780000)
  to   space 11264K, 0% used [0x0000000777180000,0x0000000777180000,0x0000000777c80000)
 ParOldGen       total 86528K, used 6137K [0x00000006c2000000, 0x00000006c7480000, 0x000000076b580000)
  object space 86528K, 7% used [0x00000006c2000000,0x00000006c25fe608,0x00000006c7480000)
 Metaspace       used 33218K, capacity 35450K, committed 35496K, reserved 1079296K
  class space    used 4443K, capacity 4847K, committed 4864K, reserved 1048576K
Event: 3.232 GC heap after
Heap after GC invocations=8 (full 2):
 PSYoungGen      total 203776K, used 0K [0x000000076b580000, 0x0000000779880000, 0x00000007c0000000)
  eden space 192512K, 0% used [0x000000076b580000,0x000000076b580000,0x0000000777180000)
  from space 11264K, 0% used [0x0000000777c80000,0x0000000777c80000,0x0000000778780000)
  to   space 11264K, 0% used [0x0000000777180000,0x0000000777180000,0x0000000777c80000)
 ParOldGen       total 125440K, used 14089K [0x00000006c2000000, 0x00000006c9a80000, 0x000000076b580000)
  object space 125440K, 11% used [0x00000006c2000000,0x00000006c2dc2660,0x00000006c9a80000)
 Metaspace       used 33218K, capacity 35450K, committed 35496K, reserved 1079296K
  class space    used 4443K, capacity 4847K, committed 4864K, reserved 1048576K
}

Deoptimization events (10 events):
Event: 3.320 Thread 0x0000000002933000 Uncommon trap: reason=unstable_if action=reinterpret pc=0x00000000034ed2a0 method=java.lang.invoke.MethodType.checkPtypes([Ljava/lang/Class;)I @ 40
Event: 3.467 Thread 0x0000000002933000 Uncommon trap: reason=unstable_if action=reinterpret pc=0x00000000037d7c58 method=java.util.concurrent.ConcurrentHashMap.get(Ljava/lang/Object;)Ljava/lang/Object; @ 152
Event: 3.632 Thread 0x0000000025099800 Uncommon trap: reason=unstable_if action=reinterpret pc=0x0000000002f78c84 method=java.util.zip.ZipCoder.getBytes(Ljava/lang/String;)[B @ 32
Event: 3.632 Thread 0x0000000025099800 Uncommon trap: reason=unstable_if action=reinterpret pc=0x0000000002f80e34 method=java.util.zip.ZipCoder.getBytes(Ljava/lang/String;)[B @ 32
Event: 3.632 Thread 0x0000000025099800 Uncommon trap: reason=unstable_if action=reinterpret pc=0x0000000003082b34 method=java.util.zip.ZipCoder.getBytes(Ljava/lang/String;)[B @ 32
Event: 3.632 Thread 0x0000000025099800 Uncommon trap: reason=unstable_if action=reinterpret pc=0x000000000340a8d8 method=java.net.URL.<init>(Ljava/net/URL;Ljava/lang/String;Ljava/net/URLStreamHandler;)V @ 57
Event: 3.632 Thread 0x0000000025099800 Uncommon trap: reason=unstable_if action=reinterpret pc=0x000000000329a2c4 method=java.net.URLStreamHandler.parseURL(Ljava/net/URL;Ljava/lang/String;II)V @ 57
Event: 3.632 Thread 0x0000000025099800 Uncommon trap: reason=unstable_if action=reinterpret pc=0x00000000033bb9a8 method=java.io.WinNTFileSystem.resolve(Ljava/lang/String;Ljava/lang/String;)Ljava/lang/String; @ 19
Event: 3.633 Thread 0x0000000002933000 Uncommon trap: reason=unstable_if action=reinterpret pc=0x0000000002f49144 method=java.lang.AbstractStringBuilder.append(Ljava/lang/String;)Ljava/lang/AbstractStringBuilder; @ 1
Event: 3.649 Thread 0x0000000002933000 Uncommon trap: reason=null_check action=make_not_entrant pc=0x00000000038e5a10 method=java.lang.Class.createAnnotationData(I)Ljava/lang/Class$AnnotationData; @ 14

Classes redefined (0 events):
No events

Internal exceptions (10 events):
Event: 3.605 Thread 0x0000000002933000 Exception <a 'java/lang/ClassNotFoundException': org/springframework/beans/factory/AwareCustomizer> (0x000000076f05b288) thrown at [C:\re\workspace\8-2-build-windows-amd64-cygwin\jdk8u181\11358\hotspot\src\share\vm\classfile\systemDictionary.cpp, line 210
Event: 3.605 Thread 0x0000000002933000 Exception <a 'java/lang/ClassNotFoundException': org/springframework/beans/factory/InitializingBeanCustomizer> (0x000000076f0811d8) thrown at [C:\re\workspace\8-2-build-windows-amd64-cygwin\jdk8u181\11358\hotspot\src\share\vm\classfile\systemDictionary.cp
Event: 3.633 Thread 0x0000000002933000 Implicit null exception at 0x0000000002f48d96 to 0x0000000002f49129
Event: 3.639 Thread 0x0000000002933000 Exception <a 'java/lang/ClassNotFoundException': java/lang/ObjectCustomizer> (0x000000076f36fc40) thrown at [C:\re\workspace\8-2-build-windows-amd64-cygwin\jdk8u181\11358\hotspot\src\share\vm\classfile\systemDictionary.cpp, line 210]
Event: 3.641 Thread 0x0000000002933000 Exception <a 'java/lang/ClassNotFoundException': com/zaxxer/hikari/HikariConfigCustomizer> (0x000000076f390438) thrown at [C:\re\workspace\8-2-build-windows-amd64-cygwin\jdk8u181\11358\hotspot\src\share\vm\classfile\systemDictionary.cpp, line 210]
Event: 3.642 Thread 0x0000000002933000 Exception <a 'java/lang/ClassNotFoundException': com/zaxxer/hikari/HikariDataSourceCustomizer> (0x000000076f3fc778) thrown at [C:\re\workspace\8-2-build-windows-amd64-cygwin\jdk8u181\11358\hotspot\src\share\vm\classfile\systemDictionary.cpp, line 210]
Event: 3.644 Thread 0x0000000002933000 Exception <a 'java/lang/ClassNotFoundException': javax/sql/DataSourceCustomizer> (0x000000076f446970) thrown at [C:\re\workspace\8-2-build-windows-amd64-cygwin\jdk8u181\11358\hotspot\src\share\vm\classfile\systemDictionary.cpp, line 210]
Event: 3.644 Thread 0x0000000002933000 Exception <a 'java/lang/ClassNotFoundException': javax/sql/CommonDataSourceCustomizer> (0x000000076f456910) thrown at [C:\re\workspace\8-2-build-windows-amd64-cygwin\jdk8u181\11358\hotspot\src\share\vm\classfile\systemDictionary.cpp, line 210]
Event: 3.645 Thread 0x0000000002933000 Exception <a 'java/lang/ClassNotFoundException': java/sql/WrapperCustomizer> (0x000000076f468428) thrown at [C:\re\workspace\8-2-build-windows-amd64-cygwin\jdk8u181\11358\hotspot\src\share\vm\classfile\systemDictionary.cpp, line 210]
Event: 3.646 Thread 0x0000000002933000 Exception <a 'java/lang/ClassNotFoundException': com/zaxxer/hikari/HikariConfigMXBeanCustomizer> (0x000000076f489fa0) thrown at [C:\re\workspace\8-2-build-windows-amd64-cygwin\jdk8u181\11358\hotspot\src\share\vm\classfile\systemDictionary.cpp, line 210]

Events (10 events):
Event: 3.680 loading class com/baomidou/mybatisplus/core/toolkit/Sequence
Event: 3.680 loading class com/baomidou/mybatisplus/core/toolkit/Sequence done
Event: 3.683 loading class java/net/NetworkInterface
Event: 3.683 loading class java/net/NetworkInterface done
Event: 3.683 loading class java/net/NetworkInterface$1
Event: 3.683 loading class java/net/NetworkInterface$1 done
Event: 3.683 loading class java/net/InterfaceAddress
Event: 3.683 loading class java/net/InterfaceAddress done
Event: 3.683 loading class java/net/DefaultInterface
Event: 3.683 loading class java/net/DefaultInterface done


Dynamic libraries:
0x00007ff68d490000 - 0x00007ff68d4c7000 	C:\Program Files\Java\jdk1.8.0_181\bin\java.exe
0x00007ffdc4bd0000 - 0x00007ffdc4dc8000 	C:\Windows\SYSTEM32\ntdll.dll
0x00007ffdc3340000 - 0x00007ffdc33ff000 	C:\Windows\System32\KERNEL32.DLL
0x00007ffdc2750000 - 0x00007ffdc2a46000 	C:\Windows\System32\KERNELBASE.dll
0x00007ffdbf650000 - 0x00007ffdbf6e1000 	C:\Windows\SYSTEM32\apphelp.dll
0x00007ffdc3700000 - 0x00007ffdc37af000 	C:\Windows\System32\ADVAPI32.dll
0x00007ffdc3810000 - 0x00007ffdc38ae000 	C:\Windows\System32\msvcrt.dll
0x00007ffdc4790000 - 0x00007ffdc482c000 	C:\Windows\System32\sechost.dll
0x00007ffdc3d60000 - 0x00007ffdc3e86000 	C:\Windows\System32\RPCRT4.dll
0x00007ffdc3430000 - 0x00007ffdc35cd000 	C:\Windows\System32\USER32.dll
0x00007ffdc2720000 - 0x00007ffdc2742000 	C:\Windows\System32\win32u.dll
0x00007ffdc3cd0000 - 0x00007ffdc3cfc000 	C:\Windows\System32\GDI32.dll
0x00007ffdc24a0000 - 0x00007ffdc25b5000 	C:\Windows\System32\gdi32full.dll
0x00007ffdc2400000 - 0x00007ffdc249d000 	C:\Windows\System32\msvcp_win.dll
0x00007ffdc2300000 - 0x00007ffdc2400000 	C:\Windows\System32\ucrtbase.dll
0x00007ffdc16b0000 - 0x00007ffdc194a000 	C:\Windows\WinSxS\amd64_microsoft.windows.common-controls_6595b64144ccf1df_6.0.19041.1110_none_60b5254171f9507e\COMCTL32.dll
0x00007ffdc3400000 - 0x00007ffdc3430000 	C:\Windows\System32\IMM32.DLL
0x0000000071630000 - 0x0000000071702000 	C:\Program Files\Java\jdk1.8.0_181\jre\bin\msvcr100.dll
0x0000000070d80000 - 0x0000000071622000 	C:\Program Files\Java\jdk1.8.0_181\jre\bin\server\jvm.dll
0x00007ffdc46a0000 - 0x00007ffdc46a8000 	C:\Windows\System32\PSAPI.DLL
0x00007ffdb8900000 - 0x00007ffdb890a000 	C:\Windows\SYSTEM32\VERSION.dll
0x00007ffdb6660000 - 0x00007ffdb6687000 	C:\Windows\SYSTEM32\WINMM.dll
0x00007ffdaa770000 - 0x00007ffdaa779000 	C:\Windows\SYSTEM32\WSOCK32.dll
0x00007ffdc3ab0000 - 0x00007ffdc3b1b000 	C:\Windows\System32\WS2_32.dll
0x0000000070d70000 - 0x0000000070d7f000 	C:\Program Files\Java\jdk1.8.0_181\jre\bin\verify.dll
0x0000000070d40000 - 0x0000000070d69000 	C:\Program Files\Java\jdk1.8.0_181\jre\bin\java.dll
0x0000000070cb0000 - 0x0000000070cd3000 	C:\Program Files\Java\jdk1.8.0_181\jre\bin\instrument.dll
0x0000000070d20000 - 0x0000000070d36000 	C:\Program Files\Java\jdk1.8.0_181\jre\bin\zip.dll
0x00007ffdc3f50000 - 0x00007ffdc4694000 	C:\Windows\System32\SHELL32.dll
0x00007ffdbfd00000 - 0x00007ffdc0493000 	C:\Windows\SYSTEM32\windows.storage.dll
0x00007ffdc4830000 - 0x00007ffdc4b84000 	C:\Windows\System32\combase.dll
0x00007ffdc1610000 - 0x00007ffdc163e000 	C:\Windows\SYSTEM32\Wldp.dll
0x00007ffdc30c0000 - 0x00007ffdc316d000 	C:\Windows\System32\SHCORE.dll
0x00007ffdc37b0000 - 0x00007ffdc3805000 	C:\Windows\System32\shlwapi.dll
0x00007ffdc21f0000 - 0x00007ffdc220f000 	C:\Windows\SYSTEM32\profapi.dll
0x00007ffda6240000 - 0x00007ffda625a000 	D:\IntelliJ IDEA 2022.2.1\IntelliJ IDEA 2021.2\bin\breakgen64.dll
0x0000000070d00000 - 0x0000000070d1a000 	C:\Program Files\Java\jdk1.8.0_181\jre\bin\net.dll
0x00007ffdc1560000 - 0x00007ffdc15ca000 	C:\Windows\system32\mswsock.dll
0x0000000070ce0000 - 0x0000000070cf1000 	C:\Program Files\Java\jdk1.8.0_181\jre\bin\nio.dll
0x0000000070ca0000 - 0x0000000070cad000 	C:\Program Files\Java\jdk1.8.0_181\jre\bin\management.dll
0x00007ffda9f70000 - 0x00007ffda9f87000 	C:\Windows\system32\napinsp.dll
0x00007ffda9f50000 - 0x00007ffda9f6b000 	C:\Windows\system32\pnrpnsp.dll
0x00007ffdbd060000 - 0x00007ffdbd075000 	C:\Windows\system32\wshbth.dll
0x00007ffdbd6b0000 - 0x00007ffdbd6cd000 	C:\Windows\system32\NLAapi.dll
0x00007ffdc1060000 - 0x00007ffdc109c000 	C:\Windows\SYSTEM32\IPHLPAPI.DLL
0x00007ffdc10a0000 - 0x00007ffdc116b000 	C:\Windows\SYSTEM32\DNSAPI.dll
0x00007ffdc46b0000 - 0x00007ffdc46b8000 	C:\Windows\System32\NSI.dll
0x00007ffda9ef0000 - 0x00007ffda9f02000 	C:\Windows\System32\winrnr.dll
0x00007ffdb64f0000 - 0x00007ffdb64fa000 	C:\Windows\System32\rasadhlp.dll
0x00007ffdb6160000 - 0x00007ffdb61e2000 	C:\Windows\System32\fwpuclnt.dll
0x00007ffdc2a50000 - 0x00007ffdc2a77000 	C:\Windows\System32\bcrypt.dll
0x00007ffdb95d0000 - 0x00007ffdb95e7000 	C:\Windows\SYSTEM32\dhcpcsvc6.DLL
0x00007ffdb9520000 - 0x00007ffdb953d000 	C:\Windows\SYSTEM32\dhcpcsvc.DLL

VM Arguments:
jvm_args: -ea -Didea.test.cyclic.buffer.size=1048576 -javaagent:D:\IntelliJ IDEA 2022.2.1\IntelliJ IDEA 2021.2\lib\idea_rt.jar=58929:D:\IntelliJ IDEA 2022.2.1\IntelliJ IDEA 2021.2\bin -Dfile.encoding=UTF-8 
java_command: com.intellij.rt.junit.JUnitStarter -ideVersion5 -junit5 com.qi.miaosha2.Miaosha2ApplicationTests,eqwe
java_class_path (initial): D:\IntelliJ IDEA 2022.2.1\IntelliJ IDEA 2021.2\lib\idea_rt.jar;C:\Users\sb\.m2\repository\org\junit\platform\junit-platform-launcher\1.8.2\junit-platform-launcher-1.8.2.jar;C:\Users\sb\.m2\repository\org\junit\vintage\junit-vintage-engine\5.8.2\junit-vintage-engine-5.8.2.jar;D:\IntelliJ IDEA 2022.2.1\IntelliJ IDEA 2021.2\plugins\junit\lib\junit5-rt.jar;D:\IntelliJ IDEA 2022.2.1\IntelliJ IDEA 2021.2\plugins\junit\lib\junit-rt.jar;C:\Program Files\Java\jdk1.8.0_181\jre\lib\charsets.jar;C:\Program Files\Java\jdk1.8.0_181\jre\lib\deploy.jar;C:\Program Files\Java\jdk1.8.0_181\jre\lib\ext\access-bridge-64.jar;C:\Program Files\Java\jdk1.8.0_181\jre\lib\ext\cldrdata.jar;C:\Program Files\Java\jdk1.8.0_181\jre\lib\ext\dnsns.jar;C:\Program Files\Java\jdk1.8.0_181\jre\lib\ext\jaccess.jar;C:\Program Files\Java\jdk1.8.0_181\jre\lib\ext\jfxrt.jar;C:\Program Files\Java\jdk1.8.0_181\jre\lib\ext\localedata.jar;C:\Program Files\Java\jdk1.8.0_181\jre\lib\ext\nashorn.jar;C:\Program Files\Java\jdk1.8.0_181\jre\lib\ext\sunec.jar;C:\Program Files\Java\jdk1.8.0_181\jre\lib\ext\sunjce_provider.jar;C:\Program Files\Java\jdk1.8.0_181\jre\lib\ext\sunmscapi.jar;C:\Program Files\Java\jdk1.8.0_181\jre\lib\ext\sunpkcs11.jar;C:\Program Files\Java\jdk1.8.0_181\jre\lib\ext\zipfs.jar;C:\Program Files\Java\jdk1.8.0_181\jre\lib\javaws.jar;C:\Program Files\Java\jdk1.8.0_181\jre\lib\jce.jar;C:\Program Files\Java\jdk1.8.0_181\jre\lib\jfr.jar;C:\Program Files\Java\jdk1.8.0_181\jre\lib\jfxswt.jar;C:\Program Files\Java\jdk1.8.0_181\jre\lib\jsse.jar;C:\Program Files\Java\jdk1.8.0_181\jre\lib\management-agent.jar;C:\Program Files\Java\jdk1.8.0_181\jre\lib\plugin.jar;C:\Program Files\Java\jdk1.8.0_181\jre\lib\resources.jar;C:\Program Files\Java\jdk1.8.0_181\jre\lib\rt.jar;D:\miaosha2\target\test-classes;D:\miaosha2\target\classes;C:\Users\sb\.m2\repository\org\springframework\boot\spring-boot-starter-thymeleaf\2.7.12\spring-boot-starter-thymeleaf-2.7.12.jar;C:\Users\sb\.m2\repository\
Launcher Type: SUN_STANDARD

Environment Variables:
JAVA_HOME=C:\Program Files\Java\jdk-17.0.5
PATH=D:\Vmware17\bin\;C:\Program Files\Common Files\Oracle\Java\javapath;C:\Users\sb\Downloads\apache-maven-3.8.3\bin;D:\app\product\11.2.0\dbhome_1\bin;C:\Windows\system32;C:\Windows;C:\Windows\System32\Wbem;C:\Windows\System32\WindowsPowerShell\v1.0\;C:\Windows\System32\OpenSSH\;D:\Program Files\JavaTool\MySQL\mysql-5.6.39-winx64\bin;D:\MySQL\MySQL\MySQL Server 8.0\bin;%NODE_HOME%;%NODE_HOME%\node_global;%NODE_HOME%\node_cache;D:\node\node_global;D:\apache-maven-3.8.3\bin;D:\jdk\jdk-8u181-windows-x64.exe;C:\Program Files\nodejs\;C:\Program Files\nodejs\node_global;"C;\Program Files\nodejs\node_global";C:\Program Files\Git\cmd;C:\Program Files\TortoiseGit\bin;D:\Xftp 7\;D:\;C:\Program Files\Java\jdk-17.0.5\bin;D:\MySQL\MySQL Shell 8.0\bin\;C:\Users\sb\AppData\Local\Microsoft\WindowsApps;C:\Users\sb\AppData\Roaming\npm;C:\Windows\System32;C:\Program Files\Erlang OTP\bin
USERNAME=sb
OS=Windows_NT
PROCESSOR_IDENTIFIER=AMD64 Family 23 Model 96 Stepping 1, AuthenticAMD



---------------  S Y S T E M  ---------------

OS: Windows 10.0 , 64 bit Build 19041 (10.0.19041.2913)

CPU:total 16 (initial active 16) (16 cores per cpu, 1 threads per core) family 23 model 96 stepping 1, cmov, cx8, fxsr, mmx, sse, sse2, sse3, ssse3, sse4.1, sse4.2, popcnt, avx, avx2, aes, clmul, mmxext, 3dnowpref, lzcnt, sse4a, tsc, tscinvbit, tscinv, bmi1

Memory: 4k page, physical 16643396k(4637864k free), swap 29355316k(7772k free)

vm_info: Java HotSpot(TM) 64-Bit Server VM (25.181-b13) for windows-amd64 JRE (1.8.0_181-b13), built on Jul  7 2018 04:01:33 by "java_re" with MS VC++ 10.0 (VS2010)

time: Sun Jun 11 23:41:12 2023
elapsed time: 3 seconds (0d 0h 0m 3s)

