#
# There is insufficient memory for the Java Runtime Environment to continue.
# Native memory allocation (malloc) failed to allocate 1130896 bytes for Chunk::new
# Possible reasons:
#   The system is out of physical RAM or swap space
#   In 32 bit mode, the process size limit was hit
# Possible solutions:
#   Reduce memory load on the system
#   Increase physical memory or swap space
#   Check if swap backing store is full
#   Use 64 bit Java on a 64 bit OS
#   Decrease Java heap size (-Xmx/-Xms)
#   Decrease number of Java threads
#   Decrease Java thread stack sizes (-Xss)
#   Set larger code cache with -XX:ReservedCodeCacheSize=
# This output file may be truncated or incomplete.
#
#  Out of Memory Error (allocation.cpp:390), pid=81152, tid=0x00000000000141a4
#
# JRE version: Java(TM) SE Runtime Environment (8.0_181-b13) (build 1.8.0_181-b13)
# Java VM: Java HotSpot(TM) 64-Bit Server VM (25.181-b13 mixed mode windows-amd64 compressed oops)
# Failed to write core dump. Minidumps are not enabled by default on client versions of Windows
#

---------------  T H R E A D  ---------------

Current thread (0x000000001e4ac800):  JavaThread "C2 CompilerThread0" daemon [_thread_in_native, id=82340, stack(0x00000000200d0000,0x00000000201d0000)]

Stack: [0x00000000200d0000,0x00000000201d0000]
[error occurred during error reporting (printing stack bounds), id 0xc0000005]

Native frames: (J=compiled Java code, j=interpreted, Vv=VM code, C=native code)


Current CompileTask:
C2:   6747 5089       4       org.springframework.transaction.interceptor.TransactionAttributeSourcePointcut::matches (26 bytes)


---------------  P R O C E S S  ---------------

Java Threads: ( => current thread )
  0x0000000024b40800 JavaThread "mysql-cj-abandoned-connection-cleanup" daemon [_thread_blocked, id=75908, stack(0x00000000272c0000,0x00000000273c0000)]
  0x0000000023136000 JavaThread "lettuce-timer-3-1" daemon [_thread_blocked, id=56720, stack(0x0000000024020000,0x0000000024120000)]
  0x000000001e584800 JavaThread "Service Thread" daemon [_thread_blocked, id=4436, stack(0x0000000020cd0000,0x0000000020dd0000)]
  0x000000001e4d2000 JavaThread "C1 CompilerThread11" daemon [_thread_blocked, id=18112, stack(0x0000000020bd0000,0x0000000020cd0000)]
  0x000000001e4d0000 JavaThread "C1 CompilerThread10" daemon [_thread_blocked, id=81380, stack(0x0000000020ad0000,0x0000000020bd0000)]
  0x000000001e4cf000 JavaThread "C1 CompilerThread9" daemon [_thread_blocked, id=79560, stack(0x00000000209d0000,0x0000000020ad0000)]
  0x000000001e4d1800 JavaThread "C1 CompilerThread8" daemon [_thread_blocked, id=81148, stack(0x00000000208d0000,0x00000000209d0000)]
  0x000000001e4ce800 JavaThread "C2 CompilerThread7" daemon [_thread_in_native, id=50852, stack(0x00000000207d0000,0x00000000208d0000)]
  0x000000001e4d0800 JavaThread "C2 CompilerThread6" daemon [_thread_blocked, id=50192, stack(0x00000000206d0000,0x00000000207d0000)]
  0x000000001e4cd800 JavaThread "C2 CompilerThread5" daemon [_thread_in_native, id=84064, stack(0x00000000205d0000,0x00000000206d0000)]
  0x000000001e4cc000 JavaThread "C2 CompilerThread4" daemon [_thread_blocked, id=44084, stack(0x00000000204d0000,0x00000000205d0000)]
  0x000000001e4b4800 JavaThread "C2 CompilerThread3" daemon [_thread_in_native, id=60376, stack(0x00000000203d0000,0x00000000204d0000)]
  0x000000001e4b3800 JavaThread "C2 CompilerThread2" daemon [_thread_blocked, id=80376, stack(0x00000000202d0000,0x00000000203d0000)]
  0x000000001e4b0000 JavaThread "C2 CompilerThread1" daemon [_thread_in_native, id=68696, stack(0x00000000201d0000,0x00000000202d0000)]
=>0x000000001e4ac800 JavaThread "C2 CompilerThread0" daemon [_thread_in_native, id=82340, stack(0x00000000200d0000,0x00000000201d0000)]
  0x000000001e496000 JavaThread "Monitor Ctrl-Break" daemon [_thread_in_native, id=83460, stack(0x000000001ffd0000,0x00000000200d0000)]
  0x000000001e42d800 JavaThread "Attach Listener" daemon [_thread_blocked, id=77928, stack(0x000000001fed0000,0x000000001ffd0000)]
  0x000000001e42d000 JavaThread "Signal Dispatcher" daemon [_thread_blocked, id=72620, stack(0x000000001fdd0000,0x000000001fed0000)]
  0x000000001e406800 JavaThread "Finalizer" daemon [_thread_blocked, id=82520, stack(0x000000001fc70000,0x000000001fd70000)]
  0x000000001c9a3000 JavaThread "Reference Handler" daemon [_thread_blocked, id=72540, stack(0x000000001fb70000,0x000000001fc70000)]
  0x00000000028b3000 JavaThread "main" [_thread_in_vm, id=84456, stack(0x0000000002740000,0x0000000002840000)]

Other Threads:
  0x000000001e3e4000 VMThread [stack: 0x000000001fa70000,0x000000001fb70000] [id=77192]
  0x000000001e5e1000 WatcherThread [stack: 0x0000000020dd0000,0x0000000020ed0000] [id=6884]

VM state:not at safepoint (normal execution)

VM Mutex/Monitor currently owned by a thread: None

Heap:
 PSYoungGen      total 203264K, used 181537K [0x000000076b580000, 0x000000077f000000, 0x00000007c0000000)
  eden space 192000K, 88% used [0x000000076b580000,0x0000000775bcbc80,0x0000000777100000)
  from space 11264K, 99% used [0x0000000777100000,0x0000000777bfcb68,0x0000000777c00000)
  to   space 12800K, 0% used [0x000000077e380000,0x000000077e380000,0x000000077f000000)
 ParOldGen       total 128512K, used 14461K [0x00000006c2000000, 0x00000006c9d80000, 0x000000076b580000)
  object space 128512K, 11% used [0x00000006c2000000,0x00000006c2e1f708,0x00000006c9d80000)
 Metaspace       used 48654K, capacity 52056K, committed 52224K, reserved 1093632K
  class space    used 6439K, capacity 7062K, committed 7168K, reserved 1048576K

Card table byte_map: [0x0000000011e70000,0x0000000012670000] byte_map_base: 0x000000000e860000

Marking Bits: (ParMarkBitMap*) 0x00000000715a2d00
 Begin Bits: [0x00000000138c0000, 0x0000000017840000)
 End Bits:   [0x0000000017840000, 0x000000001b7c0000)

Polling page: 0x00000000001f0000

CodeCache: size=245760Kb used=18970Kb max_used=18975Kb free=226790Kb
 bounds [0x0000000002ab0000, 0x0000000003dc0000, 0x0000000011ab0000]
 total_blobs=5171 nmethods=4678 adapters=403
 compilation: enabled

Compilation events (10 events):
Event: 6.738 Thread 0x000000001e4d2000 nmethod 5171 0x0000000003348510 code [0x0000000003348660, 0x00000000033487d0]
Event: 6.738 Thread 0x000000001e4d1800 nmethod 5172 0x00000000033481d0 code [0x0000000003348320, 0x0000000003348490]
Event: 6.742 Thread 0x000000001e4d0000 5173       3       sun.reflect.generics.parser.SignatureParser::parseFormalTypeParameters (119 bytes)
Event: 6.743 Thread 0x000000001e4cc000 5174       4       sun.reflect.generics.parser.SignatureParser::parseTypeSignature (130 bytes)
Event: 6.743 Thread 0x000000001e4d0000 nmethod 5173 0x0000000002e9b8d0 code [0x0000000002e9bc00, 0x0000000002e9d2b8]
Event: 6.743 Thread 0x000000001e4cc000 nmethod 5174 0x0000000002e98950 code [0x0000000002e98bc0, 0x0000000002e98cd8]
Event: 6.744 Thread 0x000000001e4cf000 5175       3       sun.reflect.generics.tree.SimpleClassTypeSignature::accept (8 bytes)
Event: 6.744 Thread 0x000000001e4d2000 5176       3       sun.reflect.generics.visitor.Reifier::visitSimpleClassTypeSignature (18 bytes)
Event: 6.744 Thread 0x000000001e4d2000 nmethod 5176 0x0000000002e000d0 code [0x0000000002e00260, 0x0000000002e00608]
Event: 6.744 Thread 0x000000001e4cf000 nmethod 5175 0x0000000002e98050 code [0x0000000002e98200, 0x0000000002e98668]

GC Heap History (10 events):
Event: 2.090 GC heap before
{Heap before GC invocations=5 (full 1):
 PSYoungGen      total 75776K, used 65024K [0x000000076b580000, 0x0000000774980000, 0x00000007c0000000)
  eden space 65024K, 100% used [0x000000076b580000,0x000000076f500000,0x000000076f500000)
  from space 10752K, 0% used [0x000000076f500000,0x000000076f500000,0x000000076ff80000)
  to   space 10752K, 0% used [0x0000000773f00000,0x0000000773f00000,0x0000000774980000)
 ParOldGen       total 87552K, used 6274K [0x00000006c2000000, 0x00000006c7580000, 0x000000076b580000)
  object space 87552K, 7% used [0x00000006c2000000,0x00000006c26208c0,0x00000006c7580000)
 Metaspace       used 24289K, capacity 26080K, committed 26368K, reserved 1073152K
  class space    used 3152K, capacity 3492K, committed 3584K, reserved 1048576K
Event: 2.094 GC heap after
Heap after GC invocations=5 (full 1):
 PSYoungGen      total 120320K, used 6773K [0x000000076b580000, 0x0000000774600000, 0x00000007c0000000)
  eden space 113152K, 0% used [0x000000076b580000,0x000000076b580000,0x0000000772400000)
  from space 7168K, 94% used [0x0000000773f00000,0x000000077459d568,0x0000000774600000)
  to   space 10752K, 0% used [0x0000000773100000,0x0000000773100000,0x0000000773b80000)
 ParOldGen       total 87552K, used 6282K [0x00000006c2000000, 0x00000006c7580000, 0x000000076b580000)
  object space 87552K, 7% used [0x00000006c2000000,0x00000006c26228c0,0x00000006c7580000)
 Metaspace       used 24289K, capacity 26080K, committed 26368K, reserved 1073152K
  class space    used 3152K, capacity 3492K, committed 3584K, reserved 1048576K
}
Event: 2.888 GC heap before
{Heap before GC invocations=6 (full 1):
 PSYoungGen      total 120320K, used 119925K [0x000000076b580000, 0x0000000774600000, 0x00000007c0000000)
  eden space 113152K, 100% used [0x000000076b580000,0x0000000772400000,0x0000000772400000)
  from space 7168K, 94% used [0x0000000773f00000,0x000000077459d568,0x0000000774600000)
  to   space 10752K, 0% used [0x0000000773100000,0x0000000773100000,0x0000000773b80000)
 ParOldGen       total 87552K, used 6282K [0x00000006c2000000, 0x00000006c7580000, 0x000000076b580000)
  object space 87552K, 7% used [0x00000006c2000000,0x00000006c26228c0,0x00000006c7580000)
 Metaspace       used 29540K, capacity 31644K, committed 31872K, reserved 1077248K
  class space    used 3808K, capacity 4172K, committed 4224K, reserved 1048576K
Event: 2.893 GC heap after
Heap after GC invocations=6 (full 1):
 PSYoungGen      total 137216K, used 9980K [0x000000076b580000, 0x0000000778700000, 0x00000007c0000000)
  eden space 126464K, 0% used [0x000000076b580000,0x000000076b580000,0x0000000773100000)
  from space 10752K, 92% used [0x0000000773100000,0x0000000773abf270,0x0000000773b80000)
  to   space 11264K, 0% used [0x0000000777c00000,0x0000000777c00000,0x0000000778700000)
 ParOldGen       total 87552K, used 6290K [0x00000006c2000000, 0x00000006c7580000, 0x000000076b580000)
  object space 87552K, 7% used [0x00000006c2000000,0x00000006c26248c0,0x00000006c7580000)
 Metaspace       used 29540K, capacity 31644K, committed 31872K, reserved 1077248K
  class space    used 3808K, capacity 4172K, committed 4224K, reserved 1048576K
}
Event: 3.484 GC heap before
{Heap before GC invocations=7 (full 1):
 PSYoungGen      total 137216K, used 86530K [0x000000076b580000, 0x0000000778700000, 0x00000007c0000000)
  eden space 126464K, 60% used [0x000000076b580000,0x0000000770041678,0x0000000773100000)
  from space 10752K, 92% used [0x0000000773100000,0x0000000773abf270,0x0000000773b80000)
  to   space 11264K, 0% used [0x0000000777c00000,0x0000000777c00000,0x0000000778700000)
 ParOldGen       total 87552K, used 6290K [0x00000006c2000000, 0x00000006c7580000, 0x000000076b580000)
  object space 87552K, 7% used [0x00000006c2000000,0x00000006c26248c0,0x00000006c7580000)
 Metaspace       used 33221K, capacity 35450K, committed 35496K, reserved 1079296K
  class space    used 4444K, capacity 4847K, committed 4864K, reserved 1048576K
Event: 3.491 GC heap after
Heap after GC invocations=7 (full 1):
 PSYoungGen      total 203264K, used 9175K [0x000000076b580000, 0x0000000779980000, 0x00000007c0000000)
  eden space 192000K, 0% used [0x000000076b580000,0x000000076b580000,0x0000000777100000)
  from space 11264K, 81% used [0x0000000777c00000,0x00000007784f5c90,0x0000000778700000)
  to   space 11264K, 0% used [0x0000000777100000,0x0000000777100000,0x0000000777c00000)
 ParOldGen       total 87552K, used 6298K [0x00000006c2000000, 0x00000006c7580000, 0x000000076b580000)
  object space 87552K, 7% used [0x00000006c2000000,0x00000006c26268c0,0x00000006c7580000)
 Metaspace       used 33221K, capacity 35450K, committed 35496K, reserved 1079296K
  class space    used 4444K, capacity 4847K, committed 4864K, reserved 1048576K
}
Event: 3.491 GC heap before
{Heap before GC invocations=8 (full 2):
 PSYoungGen      total 203264K, used 9175K [0x000000076b580000, 0x0000000779980000, 0x00000007c0000000)
  eden space 192000K, 0% used [0x000000076b580000,0x000000076b580000,0x0000000777100000)
  from space 11264K, 81% used [0x0000000777c00000,0x00000007784f5c90,0x0000000778700000)
  to   space 11264K, 0% used [0x0000000777100000,0x0000000777100000,0x0000000777c00000)
 ParOldGen       total 87552K, used 6298K [0x00000006c2000000, 0x00000006c7580000, 0x000000076b580000)
  object space 87552K, 7% used [0x00000006c2000000,0x00000006c26268c0,0x00000006c7580000)
 Metaspace       used 33221K, capacity 35450K, committed 35496K, reserved 1079296K
  class space    used 4444K, capacity 4847K, committed 4864K, reserved 1048576K
Event: 3.519 GC heap after
Heap after GC invocations=8 (full 2):
 PSYoungGen      total 203264K, used 0K [0x000000076b580000, 0x0000000779980000, 0x00000007c0000000)
  eden space 192000K, 0% used [0x000000076b580000,0x000000076b580000,0x0000000777100000)
  from space 11264K, 0% used [0x0000000777c00000,0x0000000777c00000,0x0000000778700000)
  to   space 11264K, 0% used [0x0000000777100000,0x0000000777100000,0x0000000777c00000)
 ParOldGen       total 128512K, used 13850K [0x00000006c2000000, 0x00000006c9d80000, 0x000000076b580000)
  object space 128512K, 10% used [0x00000006c2000000,0x00000006c2d86808,0x00000006c9d80000)
 Metaspace       used 33221K, capacity 35450K, committed 35496K, reserved 1079296K
  class space    used 4444K, capacity 4847K, committed 4864K, reserved 1048576K
}
Event: 5.646 GC heap before
{Heap before GC invocations=9 (full 2):
 PSYoungGen      total 203264K, used 192000K [0x000000076b580000, 0x0000000779980000, 0x00000007c0000000)
  eden space 192000K, 100% used [0x000000076b580000,0x0000000777100000,0x0000000777100000)
  from space 11264K, 0% used [0x0000000777c00000,0x0000000777c00000,0x0000000778700000)
  to   space 11264K, 0% used [0x0000000777100000,0x0000000777100000,0x0000000777c00000)
 ParOldGen       total 128512K, used 13850K [0x00000006c2000000, 0x00000006c9d80000, 0x000000076b580000)
  object space 128512K, 10% used [0x00000006c2000000,0x00000006c2d86808,0x00000006c9d80000)
 Metaspace       used 44837K, capacity 47732K, committed 48000K, reserved 1091584K
  class space    used 5898K, capacity 6440K, committed 6528K, reserved 1048576K
Event: 5.657 GC heap after
Heap after GC invocations=9 (full 2):
 PSYoungGen      total 203264K, used 11250K [0x000000076b580000, 0x000000077f000000, 0x00000007c0000000)
  eden space 192000K, 0% used [0x000000076b580000,0x000000076b580000,0x0000000777100000)
  from space 11264K, 99% used [0x0000000777100000,0x0000000777bfcb68,0x0000000777c00000)
  to   space 12800K, 0% used [0x000000077e380000,0x000000077e380000,0x000000077f000000)
 ParOldGen       total 128512K, used 14461K [0x00000006c2000000, 0x00000006c9d80000, 0x000000076b580000)
  object space 128512K, 11% used [0x00000006c2000000,0x00000006c2e1f708,0x00000006c9d80000)
 Metaspace       used 44837K, capacity 47732K, committed 48000K, reserved 1091584K
  class space    used 5898K, capacity 6440K, committed 6528K, reserved 1048576K
}

Deoptimization events (10 events):
Event: 6.131 Thread 0x00000000028b3000 Uncommon trap: reason=class_check action=maybe_recompile pc=0x00000000037fc5a4 method=java.util.WeakHashMap.eq(Ljava/lang/Object;Ljava/lang/Object;)Z @ 7
Event: 6.405 Thread 0x00000000028b3000 Uncommon trap: reason=class_check action=maybe_recompile pc=0x00000000037fc5a4 method=java.util.WeakHashMap.eq(Ljava/lang/Object;Ljava/lang/Object;)Z @ 7
Event: 6.474 Thread 0x00000000028b3000 Uncommon trap: reason=unstable_if action=reinterpret pc=0x0000000003b42280 method=org.springframework.beans.factory.support.AbstractBeanFactory.isTypeMatch(Ljava/lang/String;Lorg/springframework/core/ResolvableType;Z)Z @ 34
Event: 6.492 Thread 0x00000000028b3000 Uncommon trap: reason=unstable_if action=reinterpret pc=0x00000000032645e0 method=java.lang.reflect.Modifier.toString(I)Ljava/lang/String; @ 11
Event: 6.492 Thread 0x00000000028b3000 Uncommon trap: reason=unstable_if action=reinterpret pc=0x00000000031dfffc method=java.lang.reflect.Modifier.toString(I)Ljava/lang/String; @ 11
Event: 6.573 Thread 0x00000000028b3000 Uncommon trap: reason=unstable_if action=reinterpret pc=0x000000000387be94 method=org.springframework.beans.factory.support.DefaultSingletonBeanRegistry.getSingleton(Ljava/lang/String;Z)Ljava/lang/Object; @ 39
Event: 6.652 Thread 0x00000000028b3000 Uncommon trap: reason=class_check action=maybe_recompile pc=0x0000000002e6fd80 method=java.util.stream.AbstractPipeline.wrapAndCopyInto(Ljava/util/stream/Sink;Ljava/util/Spliterator;)Ljava/util/stream/Sink; @ 6
Event: 6.652 Thread 0x00000000028b3000 Uncommon trap: reason=class_check action=maybe_recompile pc=0x0000000002e6fd80 method=java.util.stream.AbstractPipeline.wrapAndCopyInto(Ljava/util/stream/Sink;Ljava/util/Spliterator;)Ljava/util/stream/Sink; @ 6
Event: 6.653 Thread 0x00000000028b3000 Uncommon trap: reason=class_check action=maybe_recompile pc=0x0000000002e6fd80 method=java.util.stream.AbstractPipeline.wrapAndCopyInto(Ljava/util/stream/Sink;Ljava/util/Spliterator;)Ljava/util/stream/Sink; @ 6
Event: 6.653 Thread 0x00000000028b3000 Uncommon trap: reason=class_check action=maybe_recompile pc=0x0000000002e6fd80 method=java.util.stream.AbstractPipeline.wrapAndCopyInto(Ljava/util/stream/Sink;Ljava/util/Spliterator;)Ljava/util/stream/Sink; @ 6

Classes redefined (0 events):
No events

Internal exceptions (10 events):
Event: 6.738 Thread 0x00000000028b3000 Exception <a 'java/lang/ClassNotFoundException': org/springframework/messaging/core/AbstractMessageSendingTemplateCustomizer> (0x00000007755dc478) thrown at [C:\re\workspace\8-2-build-windows-amd64-cygwin\jdk8u181\11358\hotspot\src\share\vm\classfile\syst
Event: 6.739 Thread 0x00000000028b3000 Exception <a 'java/lang/ClassNotFoundException': org/springframework/messaging/core/AbstractMessageReceivingTemplateCustomizer> (0x000000077561c068) thrown at [C:\re\workspace\8-2-build-windows-amd64-cygwin\jdk8u181\11358\hotspot\src\share\vm\classfile\sy
Event: 6.740 Thread 0x00000000028b3000 Exception <a 'java/lang/ClassNotFoundException': org/springframework/messaging/core/AbstractMessagingTemplateCustomizer> (0x000000077564da20) thrown at [C:\re\workspace\8-2-build-windows-amd64-cygwin\jdk8u181\11358\hotspot\src\share\vm\classfile\systemDic
Event: 6.741 Thread 0x00000000028b3000 Exception <a 'java/lang/ClassNotFoundException': org/springframework/amqp/rabbit/core/RabbitMessagingTemplateCustomizer> (0x000000077568bc30) thrown at [C:\re\workspace\8-2-build-windows-amd64-cygwin\jdk8u181\11358\hotspot\src\share\vm\classfile\systemDic
Event: 6.742 Thread 0x00000000028b3000 Exception <a 'java/lang/ClassNotFoundException': org/springframework/amqp/rabbit/core/RabbitMessageOperationsCustomizer> (0x00000007756e1500) thrown at [C:\re\workspace\8-2-build-windows-amd64-cygwin\jdk8u181\11358\hotspot\src\share\vm\classfile\systemDic
Event: 6.742 Thread 0x00000000028b3000 Exception <a 'java/lang/ClassNotFoundException': org/springframework/messaging/core/MessageSendingOperationsCustomizer> (0x0000000775721c58) thrown at [C:\re\workspace\8-2-build-windows-amd64-cygwin\jdk8u181\11358\hotspot\src\share\vm\classfile\systemDict
Event: 6.743 Thread 0x00000000028b3000 Exception <a 'java/lang/ClassNotFoundException': org/springframework/messaging/core/MessageReceivingOperationsCustomizer> (0x0000000775757688) thrown at [C:\re\workspace\8-2-build-windows-amd64-cygwin\jdk8u181\11358\hotspot\src\share\vm\classfile\systemDi
Event: 6.744 Thread 0x00000000028b3000 Exception <a 'java/lang/ClassNotFoundException': org/springframework/messaging/core/MessageRequestReplyOperationsCustomizer> (0x00000007757874a8) thrown at [C:\re\workspace\8-2-build-windows-amd64-cygwin\jdk8u181\11358\hotspot\src\share\vm\classfile\syste
Event: 6.744 Thread 0x00000000028b3000 Exception <a 'java/lang/ClassNotFoundException': org/springframework/beans/factory/InitializingBeanCustomizer> (0x00000007757bf088) thrown at [C:\re\workspace\8-2-build-windows-amd64-cygwin\jdk8u181\11358\hotspot\src\share\vm\classfile\systemDictionary.cp
Event: 6.744 Thread 0x00000000028b3000 Exception <a 'java/lang/ClassNotFoundException': org/springframework/messaging/core/MessageRequestReplyOperationsCustomizer> (0x00000007757e99b0) thrown at [C:\re\workspace\8-2-build-windows-amd64-cygwin\jdk8u181\11358\hotspot\src\share\vm\classfile\syste

Events (10 events):
Event: 6.744 loading class org/springframework/messaging/core/MessageRequestReplyOperationsCustomizer
Event: 6.744 loading class org/springframework/messaging/core/MessageRequestReplyOperationsCustomizer done
Event: 6.744 loading class org/springframework/messaging/core/MessageRequestReplyOperationsCustomizer
Event: 6.744 loading class org/springframework/messaging/core/MessageRequestReplyOperationsCustomizer done
Event: 6.744 loading class org/springframework/messaging/core/MessageReceivingOperationsCustomizer
Event: 6.744 loading class org/springframework/messaging/core/MessageReceivingOperationsCustomizer done
Event: 6.745 loading class org/springframework/messaging/core/MessageReceivingOperationsCustomizer
Event: 6.745 loading class org/springframework/messaging/core/MessageReceivingOperationsCustomizer done
Event: 6.745 loading class org/springframework/messaging/core/MessageReceivingOperationsCustomizer
Event: 6.745 loading class org/springframework/messaging/core/MessageReceivingOperationsCustomizer done


Dynamic libraries:
0x00007ff68d490000 - 0x00007ff68d4c7000 	C:\Program Files\Java\jdk1.8.0_181\bin\java.exe
0x00007ffdc4bd0000 - 0x00007ffdc4dc8000 	C:\Windows\SYSTEM32\ntdll.dll
0x00007ffdc3340000 - 0x00007ffdc33ff000 	C:\Windows\System32\KERNEL32.DLL
0x00007ffdc2750000 - 0x00007ffdc2a46000 	C:\Windows\System32\KERNELBASE.dll
0x00007ffdbf650000 - 0x00007ffdbf6e1000 	C:\Windows\SYSTEM32\apphelp.dll
0x00007ffdc3700000 - 0x00007ffdc37af000 	C:\Windows\System32\ADVAPI32.dll
0x00007ffdc3810000 - 0x00007ffdc38ae000 	C:\Windows\System32\msvcrt.dll
0x00007ffdc4790000 - 0x00007ffdc482c000 	C:\Windows\System32\sechost.dll
0x00007ffdc3d60000 - 0x00007ffdc3e86000 	C:\Windows\System32\RPCRT4.dll
0x00007ffdc3430000 - 0x00007ffdc35cd000 	C:\Windows\System32\USER32.dll
0x00007ffdc2720000 - 0x00007ffdc2742000 	C:\Windows\System32\win32u.dll
0x00007ffdc3cd0000 - 0x00007ffdc3cfc000 	C:\Windows\System32\GDI32.dll
0x00007ffdc24a0000 - 0x00007ffdc25b5000 	C:\Windows\System32\gdi32full.dll
0x00007ffdc2400000 - 0x00007ffdc249d000 	C:\Windows\System32\msvcp_win.dll
0x00007ffdc2300000 - 0x00007ffdc2400000 	C:\Windows\System32\ucrtbase.dll
0x00007ffdc16b0000 - 0x00007ffdc194a000 	C:\Windows\WinSxS\amd64_microsoft.windows.common-controls_6595b64144ccf1df_6.0.19041.1110_none_60b5254171f9507e\COMCTL32.dll
0x00007ffdc3400000 - 0x00007ffdc3430000 	C:\Windows\System32\IMM32.DLL
0x0000000071630000 - 0x0000000071702000 	C:\Program Files\Java\jdk1.8.0_181\jre\bin\msvcr100.dll
0x0000000070d80000 - 0x0000000071622000 	C:\Program Files\Java\jdk1.8.0_181\jre\bin\server\jvm.dll
0x00007ffdc46a0000 - 0x00007ffdc46a8000 	C:\Windows\System32\PSAPI.DLL
0x00007ffdb8900000 - 0x00007ffdb890a000 	C:\Windows\SYSTEM32\VERSION.dll
0x00007ffdb6660000 - 0x00007ffdb6687000 	C:\Windows\SYSTEM32\WINMM.dll
0x00007ffdaa770000 - 0x00007ffdaa779000 	C:\Windows\SYSTEM32\WSOCK32.dll
0x00007ffdc3ab0000 - 0x00007ffdc3b1b000 	C:\Windows\System32\WS2_32.dll
0x0000000070d70000 - 0x0000000070d7f000 	C:\Program Files\Java\jdk1.8.0_181\jre\bin\verify.dll
0x0000000070d40000 - 0x0000000070d69000 	C:\Program Files\Java\jdk1.8.0_181\jre\bin\java.dll
0x0000000070cb0000 - 0x0000000070cd3000 	C:\Program Files\Java\jdk1.8.0_181\jre\bin\instrument.dll
0x0000000070d20000 - 0x0000000070d36000 	C:\Program Files\Java\jdk1.8.0_181\jre\bin\zip.dll
0x00007ffdc3f50000 - 0x00007ffdc4694000 	C:\Windows\System32\SHELL32.dll
0x00007ffdbfd00000 - 0x00007ffdc0493000 	C:\Windows\SYSTEM32\windows.storage.dll
0x00007ffdc4830000 - 0x00007ffdc4b84000 	C:\Windows\System32\combase.dll
0x00007ffdc1610000 - 0x00007ffdc163e000 	C:\Windows\SYSTEM32\Wldp.dll
0x00007ffdc30c0000 - 0x00007ffdc316d000 	C:\Windows\System32\SHCORE.dll
0x00007ffdc37b0000 - 0x00007ffdc3805000 	C:\Windows\System32\shlwapi.dll
0x00007ffdc21f0000 - 0x00007ffdc220f000 	C:\Windows\SYSTEM32\profapi.dll
0x00007ffda6240000 - 0x00007ffda625a000 	D:\IntelliJ IDEA 2022.2.1\IntelliJ IDEA 2021.2\bin\breakgen64.dll
0x0000000070d00000 - 0x0000000070d1a000 	C:\Program Files\Java\jdk1.8.0_181\jre\bin\net.dll
0x00007ffdc1560000 - 0x00007ffdc15ca000 	C:\Windows\system32\mswsock.dll
0x0000000070ce0000 - 0x0000000070cf1000 	C:\Program Files\Java\jdk1.8.0_181\jre\bin\nio.dll
0x0000000070ca0000 - 0x0000000070cad000 	C:\Program Files\Java\jdk1.8.0_181\jre\bin\management.dll
0x00007ffda9f70000 - 0x00007ffda9f87000 	C:\Windows\system32\napinsp.dll
0x00007ffda9f50000 - 0x00007ffda9f6b000 	C:\Windows\system32\pnrpnsp.dll
0x00007ffdbd060000 - 0x00007ffdbd075000 	C:\Windows\system32\wshbth.dll
0x00007ffdbd6b0000 - 0x00007ffdbd6cd000 	C:\Windows\system32\NLAapi.dll
0x00007ffdc1060000 - 0x00007ffdc109c000 	C:\Windows\SYSTEM32\IPHLPAPI.DLL
0x00007ffdc10a0000 - 0x00007ffdc116b000 	C:\Windows\SYSTEM32\DNSAPI.dll
0x00007ffdc46b0000 - 0x00007ffdc46b8000 	C:\Windows\System32\NSI.dll
0x00007ffda9ef0000 - 0x00007ffda9f02000 	C:\Windows\System32\winrnr.dll
0x00007ffdb64f0000 - 0x00007ffdb64fa000 	C:\Windows\System32\rasadhlp.dll
0x00007ffdb6160000 - 0x00007ffdb61e2000 	C:\Windows\System32\fwpuclnt.dll
0x00007ffdc2a50000 - 0x00007ffdc2a77000 	C:\Windows\System32\bcrypt.dll
0x00007ffdb95d0000 - 0x00007ffdb95e7000 	C:\Windows\SYSTEM32\dhcpcsvc6.DLL
0x00007ffdb9520000 - 0x00007ffdb953d000 	C:\Windows\SYSTEM32\dhcpcsvc.DLL
0x0000000070c70000 - 0x0000000070c94000 	C:\Program Files\Java\jdk1.8.0_181\jre\bin\sunec.dll
0x00007ffdc2040000 - 0x00007ffdc2058000 	C:\Windows\SYSTEM32\CRYPTSP.dll
0x00007ffdc0cf0000 - 0x00007ffdc0d24000 	C:\Windows\system32\rsaenh.dll
0x00007ffdc21b0000 - 0x00007ffdc21de000 	C:\Windows\SYSTEM32\USERENV.dll
0x00007ffdc2ba0000 - 0x00007ffdc2c22000 	C:\Windows\System32\bcryptprimitives.dll
0x00007ffdc1500000 - 0x00007ffdc150c000 	C:\Windows\SYSTEM32\CRYPTBASE.dll
0x0000000070c60000 - 0x0000000070c6b000 	C:\Program Files\Java\jdk1.8.0_181\jre\bin\sunmscapi.dll
0x00007ffdc25c0000 - 0x00007ffdc271e000 	C:\Windows\System32\CRYPT32.dll

VM Arguments:
jvm_args: -ea -Didea.test.cyclic.buffer.size=1048576 -javaagent:D:\IntelliJ IDEA 2022.2.1\IntelliJ IDEA 2021.2\lib\idea_rt.jar=58917:D:\IntelliJ IDEA 2022.2.1\IntelliJ IDEA 2021.2\bin -Dfile.encoding=UTF-8 
java_command: com.intellij.rt.junit.JUnitStarter -ideVersion5 -junit5 com.qi.miaosha2.Miaosha2ApplicationTests,eqwe
java_class_path (initial): D:\IntelliJ IDEA 2022.2.1\IntelliJ IDEA 2021.2\lib\idea_rt.jar;C:\Users\sb\.m2\repository\org\junit\platform\junit-platform-launcher\1.8.2\junit-platform-launcher-1.8.2.jar;C:\Users\sb\.m2\repository\org\junit\vintage\junit-vintage-engine\5.8.2\junit-vintage-engine-5.8.2.jar;D:\IntelliJ IDEA 2022.2.1\IntelliJ IDEA 2021.2\plugins\junit\lib\junit5-rt.jar;D:\IntelliJ IDEA 2022.2.1\IntelliJ IDEA 2021.2\plugins\junit\lib\junit-rt.jar;C:\Program Files\Java\jdk1.8.0_181\jre\lib\charsets.jar;C:\Program Files\Java\jdk1.8.0_181\jre\lib\deploy.jar;C:\Program Files\Java\jdk1.8.0_181\jre\lib\ext\access-bridge-64.jar;C:\Program Files\Java\jdk1.8.0_181\jre\lib\ext\cldrdata.jar;C:\Program Files\Java\jdk1.8.0_181\jre\lib\ext\dnsns.jar;C:\Program Files\Java\jdk1.8.0_181\jre\lib\ext\jaccess.jar;C:\Program Files\Java\jdk1.8.0_181\jre\lib\ext\jfxrt.jar;C:\Program Files\Java\jdk1.8.0_181\jre\lib\ext\localedata.jar;C:\Program Files\Java\jdk1.8.0_181\jre\lib\ext\nashorn.jar;C:\Program Files\Java\jdk1.8.0_181\jre\lib\ext\sunec.jar;C:\Program Files\Java\jdk1.8.0_181\jre\lib\ext\sunjce_provider.jar;C:\Program Files\Java\jdk1.8.0_181\jre\lib\ext\sunmscapi.jar;C:\Program Files\Java\jdk1.8.0_181\jre\lib\ext\sunpkcs11.jar;C:\Program Files\Java\jdk1.8.0_181\jre\lib\ext\zipfs.jar;C:\Program Files\Java\jdk1.8.0_181\jre\lib\javaws.jar;C:\Program Files\Java\jdk1.8.0_181\jre\lib\jce.jar;C:\Program Files\Java\jdk1.8.0_181\jre\lib\jfr.jar;C:\Program Files\Java\jdk1.8.0_181\jre\lib\jfxswt.jar;C:\Program Files\Java\jdk1.8.0_181\jre\lib\jsse.jar;C:\Program Files\Java\jdk1.8.0_181\jre\lib\management-agent.jar;C:\Program Files\Java\jdk1.8.0_181\jre\lib\plugin.jar;C:\Program Files\Java\jdk1.8.0_181\jre\lib\resources.jar;C:\Program Files\Java\jdk1.8.0_181\jre\lib\rt.jar;D:\miaosha2\target\test-classes;D:\miaosha2\target\classes;C:\Users\sb\.m2\repository\org\springframework\boot\spring-boot-starter-thymeleaf\2.7.12\spring-boot-starter-thymeleaf-2.7.12.jar;C:\Users\sb\.m2\repository\
Launcher Type: SUN_STANDARD

Environment Variables:
JAVA_HOME=C:\Program Files\Java\jdk-17.0.5
PATH=D:\Vmware17\bin\;C:\Program Files\Common Files\Oracle\Java\javapath;C:\Users\sb\Downloads\apache-maven-3.8.3\bin;D:\app\product\11.2.0\dbhome_1\bin;C:\Windows\system32;C:\Windows;C:\Windows\System32\Wbem;C:\Windows\System32\WindowsPowerShell\v1.0\;C:\Windows\System32\OpenSSH\;D:\Program Files\JavaTool\MySQL\mysql-5.6.39-winx64\bin;D:\MySQL\MySQL\MySQL Server 8.0\bin;%NODE_HOME%;%NODE_HOME%\node_global;%NODE_HOME%\node_cache;D:\node\node_global;D:\apache-maven-3.8.3\bin;D:\jdk\jdk-8u181-windows-x64.exe;C:\Program Files\nodejs\;C:\Program Files\nodejs\node_global;"C;\Program Files\nodejs\node_global";C:\Program Files\Git\cmd;C:\Program Files\TortoiseGit\bin;D:\Xftp 7\;D:\;C:\Program Files\Java\jdk-17.0.5\bin;D:\MySQL\MySQL Shell 8.0\bin\;C:\Users\sb\AppData\Local\Microsoft\WindowsApps;C:\Users\sb\AppData\Roaming\npm;C:\Windows\System32;C:\Program Files\Erlang OTP\bin
USERNAME=sb
OS=Windows_NT
PROCESSOR_IDENTIFIER=AMD64 Family 23 Model 96 Stepping 1, AuthenticAMD



---------------  S Y S T E M  ---------------

OS: Windows 10.0 , 64 bit Build 19041 (10.0.19041.2913)

CPU:total 16 (initial active 16) (16 cores per cpu, 1 threads per core) family 23 model 96 stepping 1, cmov, cx8, fxsr, mmx, sse, sse2, sse3, ssse3, sse4.1, sse4.2, popcnt, avx, avx2, aes, clmul, mmxext, 3dnowpref, lzcnt, sse4a, tsc, tscinvbit, tscinv, bmi1

Memory: 4k page, physical 16643396k(4937388k free), swap 29355316k(10500k free)

vm_info: Java HotSpot(TM) 64-Bit Server VM (25.181-b13) for windows-amd64 JRE (1.8.0_181-b13), built on Jul  7 2018 04:01:33 by "java_re" with MS VC++ 10.0 (VS2010)

time: Sun Jun 11 23:40:52 2023
elapsed time: 6 seconds (0d 0h 0m 6s)

